<?xml version="1.0" encoding="UTF-8"?>
<testng-results ignored="0" total="1" passed="1" failed="0" skipped="0">
  <reporter-output>
  </reporter-output>
  <suite started-at="2024-07-07T17:59:20 IST" name="Suite" finished-at="2024-07-07T17:59:30 IST" duration-ms="10167">
    <groups>
    </groups>
    <test started-at="2024-07-07T17:59:20 IST" name="Test" finished-at="2024-07-07T17:59:30 IST" duration-ms="10167">
      <class name="Jenkins.maven.Intialize">
        <test-method signature="launchBrowser()[pri:0, instance:Jenkins.maven.Intialize@36c88a32]" started-at="2024-07-07T17:59:20 IST" name="launchBrowser" finished-at="2024-07-07T17:59:30 IST" duration-ms="10056" status="PASS">
          <reporter-output>
          </reporter-output>
        </test-method> <!-- launchBrowser -->
      </class> <!-- Jenkins.maven.Intialize -->
    </test> <!-- Test -->
  </suite> <!-- Suite -->
</testng-results>
