<?xml version="1.0" encoding="UTF-8"?>
<testng-results ignored="0" total="1" passed="1" failed="0" skipped="0">
  <reporter-output>
  </reporter-output>
  <suite started-at="2024-07-07T17:35:46 IST" name="Default suite" finished-at="2024-07-07T17:35:51 IST" duration-ms="4561">
    <groups>
    </groups>
    <test started-at="2024-07-07T17:35:46 IST" name="Default test" finished-at="2024-07-07T17:35:51 IST" duration-ms="4561">
      <class name="Jenkins.maven.Intialize">
        <test-method signature="launchBrowser()[pri:0, instance:Jenkins.maven.Intialize@2f9f7dcf]" started-at="2024-07-07T17:35:46 IST" name="launchBrowser" finished-at="2024-07-07T17:35:51 IST" duration-ms="4523" status="PASS">
          <reporter-output>
          </reporter-output>
        </test-method> <!-- launchBrowser -->
      </class> <!-- Jenkins.maven.Intialize -->
    </test> <!-- Default test -->
  </suite> <!-- Default suite -->
</testng-results>
